[eventobonito.com/invitaciones-digitales-de-xv/elegantes/modelo10/index.html]
[backblue.gif]
[fade.gif]
[index.html]
[eventobonito.com/wp-content/plugins/woocommerce-multi-currency/css/woocommerce-multi-currency.minb6db.css]
[eventobonito.com/wp-content/themes/astra/assets/css/minified/main.min31a4.css]
[eventobonito.com/wp-content/themes/astra/assets/css/minified/compatibility/woocommerce/woocommerce-layout-grid.min31a4.css]
[eventobonito.com/wp-content/themes/astra/assets/css/minified/compatibility/woocommerce/woocommerce-smallscreen-grid.min31a4.css]
[eventobonito.com/wp-content/themes/astra/assets/css/minified/compatibility/woocommerce/woocommerce-grid.min31a4.css]
[eventobonito.com/wp-content/uploads/astra-addon/astra-addon-65b2a2a53c8343-21199354474a.css]
[eventobonito.com/wp-content/plugins/elementor/assets/lib/eicons/css/elementor-icons.mine94d.css]
[eventobonito.com/wp-content/plugins/elementor/assets/css/frontend-lite.mind5d5.css]
[eventobonito.com/wp-content/plugins/elementor/assets/lib/swiper/v8/css/swiper.min94a4.css]
[eventobonito.com/wp-content/uploads/elementor/css/post-158cac.css]
[eventobonito.com/wp-content/plugins/elementor-pro/assets/css/frontend-lite.min28fc.css]
[eventobonito.com/wp-content/plugins/ultimate-elementor/assets/min-css/uael-frontend.min724b.css]
[eventobonito.com/wp-content/plugins/elementor/assets/lib/font-awesome/css/all.mind5d5.css]
[eventobonito.com/wp-content/plugins/elementor/assets/lib/font-awesome/css/v4-shims.mind5d5.css]
[eventobonito.com/wp-content/uploads/elementor/css/post-338930bc0.css]
[eventobonito.com/wp-content/uploads/elementor/css/post-4047729fa.css]
[eventobonito.com/wp-content/uploads/elementor/css/post-24348cac.css]
[eventobonito.com/wp-content/plugins/gdpr-cookie-compliance/dist/styles/gdpr-main-nf0fa0.css]
[eventobonito.com/wp-content/plugins/elementor/assets/lib/font-awesome/css/fontawesome.min52d5.css]
[eventobonito.com/wp-content/plugins/elementor/assets/lib/font-awesome/css/solid.min52d5.css]
[eventobonito.com/wp-content/plugins/elementor/assets/lib/font-awesome/css/regular.min52d5.css]
[eventobonito.com/wp-content/plugins/elementor/assets/lib/font-awesome/css/brands.min52d5.css]
[eventobonito.com/wp-includes/js/jquery/jquery.minf43b.js]
[eventobonito.com/wp-includes/js/jquery/jquery-migrate.min5589.js]
[eventobonito.com/wp-content/plugins/woocommerce-multi-currency/js/woocommerce-multi-currency.minb6db.js]
[eventobonito.com/wp-content/plugins/woocommerce/assets/js/jquery-blockui/jquery.blockUI.min56aa.js]
[eventobonito.com/wp-content/plugins/woocommerce/assets/js/js-cookie/js.cookie.minc42f.js]
[eventobonito.com/wp-content/plugins/woocommerce/assets/js/frontend/woocommerce.mind440.js]
[eventobonito.com/wp-content/plugins/elementor/assets/lib/font-awesome/js/v4-shims.mind5d5.js]
[eventobonito.com/wp-content/plugins/pixelyoursite/dist/scripts/jquery.bind-first-0.2.3.minb6a4.js]
[eventobonito.com/wp-content/plugins/pixelyoursite/dist/scripts/js.cookie-2.1.3.min4c71.js]
[eventobonito.com/wp-content/plugins/pixelyoursite/dist/scripts/public04d4.js]
[eventobonito.com/wp-content/plugins/woocommerce-multi-currency/js/woocommerce-multi-currency-switcher.minb6db.js]
[connect.facebook.net/en_US/fbevents2f15.js]
[eventobonito.com/wp-content/uploads/2022/05/Logo-Evento-bonito-2-100x100de18.png]
[eventobonito.com/wp-content/uploads/2022/05/Logo-Evento-bonito-2-300x300de18.png]
[eventobonito.com/wp-content/uploads/2024/02/icono-sobre.png]
[eventobonito.com/wp-content/plugins/elementor/assets/css/widget-icon-box.min.css]
[eventobonito.com/wp-content/plugins/elementor/assets/css/widget-icon-list.min.css]
[eventobonito.com/wp-content/uploads/2024/02/fotosdeiglesia.png]
[eventobonito.com/wp-content/uploads/2024/02/fotosderecepcion.jpg]
[eventobonito.com/wp-content/uploads/2024/04/civil2-1.jpg]
[eventobonito.com/wp-content/uploads/2024/02/iconocolordoradoiglesia.png]
[eventobonito.com/wp-content/uploads/2024/02/iconocolordoradoiglesia-300x300.png]
[eventobonito.com/wp-content/uploads/2024/04/EB-Iconos-web-41.png]
[eventobonito.com/wp-content/uploads/2024/04/EB-Iconos-web-41-300x300.png]
[eventobonito.com/wp-content/uploads/2024/02/iconocolordoradoplato.png]
[eventobonito.com/wp-content/uploads/2024/02/iconocolordoradoplato-300x300.png]
[eventobonito.com/wp-content/uploads/2024/02/iconocolordoradomusica.png]
[eventobonito.com/wp-content/uploads/2024/02/iconocolordoradomusica-300x300.png]
[eventobonito.com/wp-content/uploads/2024/02/iconodresscode.png]
[eventobonito.com/wp-content/uploads/2024/02/icono-amazon.png]
[eventobonito.com/wp-content/uploads/2022/08/galeria-xv-2.png]
[eventobonito.com/wp-content/uploads/2022/08/galeria-xv-años.png]
[eventobonito.com/wp-content/uploads/2022/08/galeria-xvañosa.png]
[eventobonito.com/wp-content/plugins/woocommerce/assets/client/blocks/wc-blocksda31.css]
[eventobonito.com/wp-content/plugins/elementor/assets/lib/animations/animations.mind5d5.css]
[eventobonito.com/wp-includes/js/mediaelement/mediaelementplayer-legacy.min1f61.css]
[eventobonito.com/wp-includes/js/mediaelement/wp-mediaelement.minb6a4.css]
[eventobonito.com/wp-content/themes/astra/assets/js/minified/frontend.min31a4.js]
[eventobonito.com/wp-content/themes/astra/assets/js/minified/add-to-cart-quantity-btn.min31a4.js]
[eventobonito.com/wp-content/themes/astra/assets/js/custom-script5152.js]
[eventobonito.com/wp-content/plugins/woocommerce/assets/js/flexslider/jquery.flexslider.min14ad.js]
[eventobonito.com/wp-content/uploads/astra-addon/astra-addon-65b2a2a53d58d4-75948136474a.js]
[eventobonito.com/wp-content/plugins/astra-addon/addons/woocommerce/assets/js/minified/single-product-ajax-cart.min474a.js]
[eventobonito.com/wp-content/plugins/woocommerce/assets/js/sourcebuster/sourcebuster.mind440.js]
[eventobonito.com/wp-content/plugins/woocommerce/assets/js/frontend/order-attribution.mind440.js]
[eventobonito.com/wp-content/plugins/gdpr-cookie-compliance/dist/scripts/main0fa0.js]
[eventobonito.com/wp-includes/js/mediaelement/mediaelement-and-player.min1f61.js]
[eventobonito.com/wp-includes/js/mediaelement/mediaelement-migrate.minb6a4.js]
[eventobonito.com/wp-includes/js/mediaelement/wp-mediaelement.minb6a4.js]
[eventobonito.com/wp-content/plugins/ultimate-elementor/assets/min-js/uael-frontend.min724b.js]
[eventobonito.com/wp-content/plugins/ultimate-elementor/assets/lib/infinitescroll/jquery.infinitescroll.min724b.js]
[eventobonito.com/wp-content/plugins/ultimate-elementor/assets/lib/isotope/isotope.min724b.js]
[eventobonito.com/wp-includes/js/imagesloaded.minbb93.js]
[eventobonito.com/wp-content/plugins/ultimate-elementor/assets/lib/slick/slick.min724b.js]
[eventobonito.com/wp-content/plugins/ultimate-elementor/assets/lib/jquery-element-resize/jquery_resize.min724b.js]
[eventobonito.com/wp-content/plugins/ultimate-elementor/assets/lib/fancybox/jquery_fancybox.min724b.js]
[eventobonito.com/wp-content/plugins/ultimate-elementor/assets/lib/justifiedgallery/justifiedgallery.min724b.js]
[eventobonito.com/wp-content/plugins/elementor-pro/assets/js/webpack-pro.runtime.min28fc.js]
[eventobonito.com/wp-content/plugins/elementor/assets/js/webpack.runtime.mind5d5.js]
[eventobonito.com/wp-content/plugins/elementor/assets/js/frontend-modules.mind5d5.js]
[eventobonito.com/wp-includes/js/dist/hooks.min2757.js]
[eventobonito.com/wp-includes/js/dist/i18n.minc33c.js]
[eventobonito.com/wp-content/plugins/elementor-pro/assets/js/frontend.min28fc.js]
[eventobonito.com/wp-content/plugins/elementor/assets/lib/waypoints/waypoints.min05da.js]
[eventobonito.com/wp-includes/js/jquery/ui/core.minb37e.js]
[eventobonito.com/wp-content/plugins/elementor/assets/js/frontend.mind5d5.js]
[eventobonito.com/invitaciones-digitales-de-xv/elegantes/modelo10/index.html]
[eventobonito.com/wp-content/plugins/elementor-pro/assets/js/elements-handlers.min28fc.js]
[eventobonito.com/wp-content/plugins/woocommerce-multi-currency/css/images/loading.gif]
[eventobonito.com/wp-content/plugins/woocommerce-multi-currency/css/woocommerce-multi-currency.minb6db.css]
[eventobonito.com/wp-content/themes/astra/assets/css/minified/main.min31a4.css]
[eventobonito.com/wp-content/themes/astra/assets/css/minified/compatibility/woocommerce/woocommerce-layout-grid.min31a4.css]
[eventobonito.com/wp-content/themes/astra/assets/css/minified/compatibility/woocommerce/woocommerce-smallscreen-grid.min31a4.css]
[eventobonito.com/wp-content/plugins/woocommerce/assets/css/photoswipe/default-skin/default-skin.png]
[eventobonito.com/wp-content/themes/astra/assets/css/minified/compatibility/woocommerce/woocommerce-grid.min31a4.css]
[eventobonito.com/wp-content/uploads/astra-addon/astra-addon-65b2a2a53c8343-21199354474a.css]
[eventobonito.com/wp-content/plugins/elementor/assets/lib/eicons/css/elementor-icons.mine94d.css]
[eventobonito.com/wp-content/plugins/elementor/assets/css/frontend-lite.mind5d5.css]
[eventobonito.com/wp-content/plugins/elementor/assets/lib/swiper/v8/css/swiper.min94a4.css]
[eventobonito.com/wp-content/uploads/elementor/css/post-158cac.css]
[eventobonito.com/wp-content/plugins/elementor-pro/assets/css/frontend-lite.min28fc.css]
[eventobonito.com/wp-content/plugins/ultimate-elementor/assets/min-css/uael-frontend.min724b.css]
[eventobonito.com/wp-content/plugins/elementor/assets/lib/font-awesome/css/all.mind5d5.css]
[eventobonito.com/wp-content/plugins/elementor/assets/lib/font-awesome/css/v4-shims.mind5d5.css]
[eventobonito.com/wp-content/uploads/2022/08/xva.png]
[eventobonito.com/wp-content/uploads/2024/02/portada-texturas-color-morado-modeloargentina.png]
[eventobonito.com/wp-content/uploads/2024/02/texturas-color-morado-modeloargentina.png]
[eventobonito.com/wp-content/uploads/2024/02/fondo-dorado-largo.png]
[eventobonito.com/wp-content/uploads/elementor/css/post-338930bc0.css]
[eventobonito.com/wp-content/uploads/elementor/css/post-4047729fa.css]
[eventobonito.com/wp-content/uploads/elementor/css/post-24348cac.css]
[eventobonito.com/wp-content/plugins/gdpr-cookie-compliance/dist/styles/gdpr-main-nf0fa0.css]
[eventobonito.com/wp-content/plugins/elementor/assets/lib/font-awesome/css/fontawesome.min52d5.css]
[eventobonito.com/wp-content/plugins/elementor/assets/lib/font-awesome/css/solid.min52d5.css]
[eventobonito.com/wp-content/plugins/elementor/assets/lib/font-awesome/css/regular.min52d5.css]
[eventobonito.com/wp-content/plugins/elementor/assets/lib/font-awesome/css/brands.min52d5.css]
[www.googletagmanager.com/gtm5445.html]
[eventobonito.com/invitaciones-digitales-de-xv/elegantes/modelo10/a.60.delayed]
[eventobonito.com/invitaciones-digitales-de-xv/elegantes/modelo10/POST]
[eventobonito.com/invitaciones-digitales-de-xv/elegantes/modelo10/b.resolvedLink]
[eventobonito.com/invitaciones-digitales-de-xv/elegantes/modelo10/schema.org/index.html]
[eventobonito.com/signals/iwl.js]
[connect.facebook.net/en_US/fbevents2f15.js]
[eventobonito.com/wp-content/plugins/elementor/assets/css/widget-icon-box.min.css]
[eventobonito.com/wp-content/plugins/elementor/assets/css/widget-icon-list.min.css]
[eventobonito.com/wp-content/plugins/woocommerce/assets/client/blocks/wc-blocksda31.css]
[eventobonito.com/wp-content/plugins/elementor/assets/lib/animations/animations.mind5d5.css]
[eventobonito.com/wp-includes/js/mediaelement/mediaelementplayer-legacy.min1f61.css]
[eventobonito.com/wp-includes/js/mediaelement/wp-mediaelement.minb6a4.css]
[eventobonito.com/invitaciones-digitales-de-xv/elegantes/modelo10/a.html]
[eventobonito.com/invitaciones-digitales-de-xv/elegantes/modelo10/POST.html]
[eventobonito.com/invitaciones-digitales-de-xv/elegantes/modelo10/schema.org/index.html]
[eventobonito.com/invitaciones-digitales-de-xv/elegantes/modelo10/b.html]
[eventobonito.com/signals/iwl.html]
[eventobonito.com/wp-includes/js/mediaelement/mejs-controls.svg]
[eventobonito.com/wp-includes/js/mediaelement/mejs-controls.svg]
